unityLibrary/build/intermediates/manifest_merge_blame_file/debug/manifest-merger-blame-debug-report.txt
1<?xml version="1.0" encoding="utf-8"?>
2<!-- GENERATED BY UNITY. REMOVE THIS COMMENT TO PREVENT OVERWRITING WHEN EXPORTING AGAIN -->
3<manifest xmlns:android="http://schemas.android.com/apk/res/android"
4    xmlns:tools="http://schemas.android.com/tools"
5    package="com.unity3d.player"
6    android:versionCode="1"
7    android:versionName="0.1" >
8
9    <uses-sdk
10        android:minSdkVersion="24"
10-->src\main\AndroidManifest.xml
11        android:targetSdkVersion="31" />
11-->src\main\AndroidManifest.xml
12
13    <uses-feature android:glEsVersion="0x00030000" />
13-->src\main\AndroidManifest.xml:36:3-52
13-->src\main\AndroidManifest.xml:36:17-49
14
15    <uses-permission android:name="android.permission.INTERNET" />
15-->src\main\AndroidManifest.xml:37:3-65
15-->src\main\AndroidManifest.xml:37:20-62
16
17    <uses-feature
17-->src\main\AndroidManifest.xml:38:3-88
18        android:name="android.hardware.touchscreen"
18-->src\main\AndroidManifest.xml:38:17-60
19        android:required="false" />
19-->src\main\AndroidManifest.xml:38:61-85
20    <uses-feature
20-->src\main\AndroidManifest.xml:39:3-99
21        android:name="android.hardware.touchscreen.multitouch"
21-->src\main\AndroidManifest.xml:39:17-71
22        android:required="false" />
22-->src\main\AndroidManifest.xml:39:72-96
23    <uses-feature
23-->src\main\AndroidManifest.xml:40:3-108
24        android:name="android.hardware.touchscreen.multitouch.distinct"
24-->src\main\AndroidManifest.xml:40:17-80
25        android:required="false" />
25-->src\main\AndroidManifest.xml:40:81-105
26
27    <uses-permission android:name="android.permission.CAMERA" />
27-->src\main\AndroidManifest.xml:41:3-63
27-->src\main\AndroidManifest.xml:41:20-60
28
29    <uses-feature
29-->src\main\AndroidManifest.xml:42:3-85
30        android:name="android.hardware.camera.ar"
30-->src\main\AndroidManifest.xml:42:17-58
31        android:required="true" />
31-->src\main\AndroidManifest.xml:42:59-82
32    <uses-feature
32-->src\main\AndroidManifest.xml:43:3-83
33        android:name="com.google.ar.core.depth"
33-->src\main\AndroidManifest.xml:43:17-56
34        android:required="true" />
34-->src\main\AndroidManifest.xml:43:57-80
35
36    <application>
36-->src\main\AndroidManifest.xml:4:3-35:17
37        <activity
37-->src\main\AndroidManifest.xml:5:5-19:16
38            android:name="com.unity3d.player.UnityPlayerActivity"
38-->src\main\AndroidManifest.xml:5:15-68
39            android:configChanges="mcc|mnc|locale|touchscreen|keyboard|keyboardHidden|navigation|orientation|screenLayout|uiMode|screenSize|smallestScreenSize|fontScale|layoutDirection|density"
39-->src\main\AndroidManifest.xml:9:9-190
40            android:exported="true"
40-->src\main\AndroidManifest.xml:12:9-32
41            android:hardwareAccelerated="false"
41-->src\main\AndroidManifest.xml:11:9-44
42            android:launchMode="singleTask"
42-->src\main\AndroidManifest.xml:8:9-40
43            android:resizeableActivity="false"
43-->src\main\AndroidManifest.xml:10:9-43
44            android:screenOrientation="fullSensor"
44-->src\main\AndroidManifest.xml:7:9-47
45            android:theme="@style/UnityThemeSelector" >
45-->src\main\AndroidManifest.xml:6:9-50
46            <intent-filter>
46-->src\main\AndroidManifest.xml:13:7-16:23
47                <action android:name="android.intent.action.MAIN" />
47-->src\main\AndroidManifest.xml:14:9-61
47-->src\main\AndroidManifest.xml:14:17-58
48
49                <category android:name="android.intent.category.LAUNCHER" />
49-->src\main\AndroidManifest.xml:15:9-69
49-->src\main\AndroidManifest.xml:15:19-66
50            </intent-filter>
51
52            <meta-data
52-->src\main\AndroidManifest.xml:17:7-82
53                android:name="unityplayer.UnityActivity"
53-->src\main\AndroidManifest.xml:17:18-58
54                android:value="true" />
54-->src\main\AndroidManifest.xml:17:59-79
55            <meta-data
55-->src\main\AndroidManifest.xml:18:7-78
56                android:name="android.notch_support"
56-->src\main\AndroidManifest.xml:18:18-54
57                android:value="true" />
57-->src\main\AndroidManifest.xml:18:55-75
58        </activity>
59
60        <service
60-->src\main\AndroidManifest.xml:20:5-27:15
61            android:name="com.unity3d.player.NotificationListener"
61-->src\main\AndroidManifest.xml:21:9-45
62            android:exported="true"
62-->src\main\AndroidManifest.xml:23:9-32
63            android:permission="android.permission.BIND_NOTIFICATION_LISTENER_SERVICE" >
63-->src\main\AndroidManifest.xml:22:9-83
64            <intent-filter>
64-->src\main\AndroidManifest.xml:24:7-26:23
65                <action android:name="android.service.notification.NotificationListenerService" />
65-->src\main\AndroidManifest.xml:25:9-91
65-->src\main\AndroidManifest.xml:25:17-88
66            </intent-filter>
67        </service>
68
69        <meta-data
69-->src\main\AndroidManifest.xml:28:5-69
70            android:name="unity.splash-mode"
70-->src\main\AndroidManifest.xml:28:16-48
71            android:value="0" />
71-->src\main\AndroidManifest.xml:28:49-66
72        <meta-data
72-->src\main\AndroidManifest.xml:29:5-74
73            android:name="unity.splash-enable"
73-->src\main\AndroidManifest.xml:29:16-50
74            android:value="True" />
74-->src\main\AndroidManifest.xml:29:51-71
75        <meta-data
75-->src\main\AndroidManifest.xml:30:5-84
76            android:name="unity.allow-resizable-window"
76-->src\main\AndroidManifest.xml:30:16-59
77            android:value="False" />
77-->src\main\AndroidManifest.xml:30:60-81
78        <meta-data
78-->src\main\AndroidManifest.xml:31:5-81
79            android:name="notch.config"
79-->src\main\AndroidManifest.xml:31:16-43
80            android:value="portrait|landscape" />
80-->src\main\AndroidManifest.xml:31:44-78
81        <meta-data
81-->src\main\AndroidManifest.xml:32:5-101
82            android:name="unity.build-id"
82-->src\main\AndroidManifest.xml:32:16-45
83            android:value="0af7123a-71aa-4b9e-a6de-0be958f2c770" />
83-->src\main\AndroidManifest.xml:32:46-98
84        <meta-data
84-->src\main\AndroidManifest.xml:33:5-88
85            android:name="unityplayer.SkipPermissionsDialog"
85-->src\main\AndroidManifest.xml:33:16-64
86            android:value="true" />
86-->src\main\AndroidManifest.xml:33:65-85
87        <meta-data
87-->src\main\AndroidManifest.xml:34:5-77
88            android:name="com.google.ar.core"
88-->src\main\AndroidManifest.xml:34:16-49
89            android:value="required" />
89-->src\main\AndroidManifest.xml:34:50-74
90    </application>
91
92</manifest>